[17:01:40] [Client thread/INFO]: Setting user: Player786
[17:01:46] [Client thread/INFO]: LWJGL Version: 2.9.1
[17:01:52] [Client thread/INFO]: Reloading ResourceManager: Default, FMLFileResourcePack:Forge Mod Loader, FMLFileResourcePack:Minecraft Forge, FMLFileResourcePack:Example Mod
[17:01:54] [Sound Library Loader/INFO]: Starting up SoundSystem...
[17:01:54] [Thread-6/INFO]: Initializing LWJGL OpenAL
[17:01:54] [Thread-6/INFO]: (The LWJGL binding of OpenAL.  For more information, see http://www.lwjgl.org)
[17:01:55] [Thread-6/INFO]: OpenAL initialized.
[17:01:55] [Sound Library Loader/INFO]: Sound engine started
[17:01:58] [Client thread/INFO]: Created: 512x512 textures-atlas
[17:02:00] [Client thread/INFO]: Reloading ResourceManager: Default, FMLFileResourcePack:Forge Mod Loader, FMLFileResourcePack:Minecraft Forge, FMLFileResourcePack:Example Mod
[17:02:00] [Client thread/INFO]: SoundSystem shutting down...
[17:02:00] [Client thread/WARN]: Author: Paul Lamb, www.paulscode.com
[17:02:00] [Sound Library Loader/INFO]: Starting up SoundSystem...
[17:02:00] [Thread-8/INFO]: Initializing LWJGL OpenAL
[17:02:00] [Thread-8/INFO]: (The LWJGL binding of OpenAL.  For more information, see http://www.lwjgl.org)
[17:02:01] [Thread-8/INFO]: OpenAL initialized.
[17:02:01] [Sound Library Loader/INFO]: Sound engine started
[17:02:04] [Client thread/INFO]: Created: 512x512 textures-atlas
[17:04:17] [Client thread/INFO]: Realms library version == 1.6.1
[17:04:18] [MCO Availability Checker #1/INFO]: Could not authorize you against Realms server: Invalid session id
[17:04:18] [MCO Availability Checker #1/ERROR]: Couldn't connect to realms: 
[17:04:35] [Client thread/INFO]: Stopping!
[17:04:35] [Client thread/INFO]: SoundSystem shutting down...
[17:04:35] [Client thread/WARN]: Author: Paul Lamb, www.paulscode.com
